<?xml version="1.0" encoding="utf-8"?><testsuites name="pytest tests"><testsuite name="pytest" errors="0" failures="6" skipped="0" tests="15" time="4.504" timestamp="2026-01-15T21:28:08.923651+00:00" hostname="agent-env-619b7e9d-53de-4f57-9188-4c852587fd42"><testcase classname="tests.test_analytics_iteration7.TestAnalyticsEndpoints" name="test_promotions_detailed_no_filter" time="0.372"><failure message="AssertionError: Missing total_recus in summary&#10;assert 'total_recus' in {'avg_fidelisation': 65.1, 'canal_evangelisation': 54, 'canal_invitation_membre': 6, 'canal_par_soi_meme': 0, ...}">tests/test_analytics_iteration7.py:46: in test_promotions_detailed_no_filter
    assert "total_recus" in summary, "Missing total_recus in summary"
E   AssertionError: Missing total_recus in summary
E   assert 'total_recus' in {'avg_fidelisation': 65.1, 'canal_evangelisation': 54, 'canal_invitation_membre': 6, 'canal_par_soi_meme': 0, ...}</failure></testcase><testcase classname="tests.test_analytics_iteration7.TestAnalyticsEndpoints" name="test_promotions_detailed_filter_year_2024" time="0.306"><failure message="KeyError: 'total_recus'">tests/test_analytics_iteration7.py:67: in test_promotions_detailed_filter_year_2024
    assert summary["total_recus"] &gt; 0, f"Expected 2024 visitors, got {summary['total_recus']}"
           ^^^^^^^^^^^^^^^^^^^^^^
E   KeyError: 'total_recus'</failure></testcase><testcase classname="tests.test_analytics_iteration7.TestAnalyticsEndpoints" name="test_promotions_detailed_filter_year_2025" time="0.293"><failure message="KeyError: 'total_recus'">tests/test_analytics_iteration7.py:82: in test_promotions_detailed_filter_year_2025
    assert summary["total_recus"] &gt; 0, f"Expected 2025 visitors, got {summary['total_recus']}"
           ^^^^^^^^^^^^^^^^^^^^^^
E   KeyError: 'total_recus'</failure></testcase><testcase classname="tests.test_analytics_iteration7.TestAnalyticsEndpoints" name="test_promotions_detailed_filter_month_and_year" time="0.298"><failure message="KeyError: 'total_recus'">tests/test_analytics_iteration7.py:97: in test_promotions_detailed_filter_month_and_year
    assert summary["total_recus"] &gt; 0, f"Expected August 2024 visitors, got {summary['total_recus']}"
           ^^^^^^^^^^^^^^^^^^^^^^
E   KeyError: 'total_recus'</failure></testcase><testcase classname="tests.test_analytics_iteration7.TestAnalyticsEndpoints" name="test_promotions_detailed_filter_city" time="0.335"><failure message="KeyError: 'total_recus'">tests/test_analytics_iteration7.py:112: in test_promotions_detailed_filter_city
    assert summary["total_recus"] &gt; 0, f"Expected Dijon visitors, got {summary['total_recus']}"
           ^^^^^^^^^^^^^^^^^^^^^^
E   KeyError: 'total_recus'</failure></testcase><testcase classname="tests.test_analytics_iteration7.TestAnalyticsEndpoints" name="test_promotions_detailed_all_filters" time="0.344"><failure message="KeyError: 'total_recus'">tests/test_analytics_iteration7.py:126: in test_promotions_detailed_all_filters
    print(f"âœ“ Promotions detailed (Dijon, 2024-08): {summary['total_recus']} visitors")
                                                     ^^^^^^^^^^^^^^^^^^^^^^
E   KeyError: 'total_recus'</failure></testcase><testcase classname="tests.test_analytics_iteration7.TestAnalyticsEndpoints" name="test_age_distribution_no_filter" time="0.292" /><testcase classname="tests.test_analytics_iteration7.TestAnalyticsEndpoints" name="test_age_distribution_filter_year_2024" time="0.301" /><testcase classname="tests.test_analytics_iteration7.TestAnalyticsEndpoints" name="test_age_distribution_filter_year_2025" time="0.298" /><testcase classname="tests.test_analytics_iteration7.TestAnalyticsEndpoints" name="test_age_distribution_filter_month_and_year" time="0.290" /><testcase classname="tests.test_analytics_iteration7.TestAnalyticsEndpoints" name="test_arrival_channel_no_filter" time="0.292" /><testcase classname="tests.test_analytics_iteration7.TestAnalyticsEndpoints" name="test_arrival_channel_filter_year_2024" time="0.331" /><testcase classname="tests.test_analytics_iteration7.TestAnalyticsEndpoints" name="test_arrival_channel_filter_year_2025" time="0.294" /><testcase classname="tests.test_analytics_iteration7.TestAnalyticsEndpoints" name="test_arrival_channel_filter_month_and_year" time="0.298" /><testcase classname="tests.test_analytics_iteration7.TestEJPEndpoints" name="test_ejp_cultes_list" time="0.039" /></testsuite></testsuites>