<?xml version="1.0" encoding="utf-8"?><testsuites name="pytest tests"><testsuite name="pytest" errors="0" failures="0" skipped="0" tests="11" time="1.956" timestamp="2026-01-15T15:08:30.511685+00:00" hostname="agent-env-429e9cd0-c9b1-43c0-a96f-ddf890332acc"><testcase classname="tests.test_kpi_discipolat.TestKPIDiscipolatBackend" name="test_login_superadmin" time="0.315" /><testcase classname="tests.test_kpi_discipolat.TestKPIDiscipolatBackend" name="test_login_berger" time="0.263" /><testcase classname="tests.test_kpi_discipolat.TestKPIDiscipolatBackend" name="test_get_visitors_list" time="0.307" /><testcase classname="tests.test_kpi_discipolat.TestKPIDiscipolatBackend" name="test_post_kpi_for_visitor" time="0.092" /><testcase classname="tests.test_kpi_discipolat.TestKPIDiscipolatBackend" name="test_get_visitor_kpis" time="0.045" /><testcase classname="tests.test_kpi_discipolat.TestKPIDiscipolatBackend" name="test_get_visitor_kpi_for_month" time="0.036" /><testcase classname="tests.test_kpi_discipolat.TestKPIDiscipolatBackend" name="test_get_kpi_for_nonexistent_month" time="0.078" /><testcase classname="tests.test_kpi_discipolat.TestKPIDiscipolatBackend" name="test_get_all_visitors_kpi_statuses" time="0.041" /><testcase classname="tests.test_kpi_discipolat.TestKPIDiscipolatBackend" name="test_kpi_score_calculation_levels" time="0.210" /><testcase classname="tests.test_kpi_discipolat.TestKPIDiscipolatBackend" name="test_kpi_upsert_behavior" time="0.160" /><testcase classname="tests.test_kpi_discipolat.TestKPIDiscipolatWithExistingData" name="test_find_richy_bihounga" time="0.350" /></testsuite></testsuites>