<?xml version="1.0" encoding="utf-8"?><testsuites name="pytest tests"><testsuite name="pytest" errors="0" failures="0" skipped="0" tests="11" time="4.514" timestamp="2026-01-15T15:55:33.017389+00:00" hostname="agent-env-429e9cd0-c9b1-43c0-a96f-ddf890332acc"><testcase classname="tests.test_kpi_iteration6.TestKPICoefficients" name="test_kpi_weights_returned_in_response" time="0.381" /><testcase classname="tests.test_kpi_iteration6.TestKPICoefficients" name="test_kpi_score_calculation_with_new_coefficients" time="0.343" /><testcase classname="tests.test_kpi_iteration6.TestKPICoefficients" name="test_kpi_level_boundaries" time="0.475" /><testcase classname="tests.test_kpi_iteration6.TestManualStatus" name="test_set_manual_status" time="0.336" /><testcase classname="tests.test_kpi_iteration6.TestManualStatus" name="test_manual_status_in_all_statuses" time="0.422" /><testcase classname="tests.test_kpi_iteration6.TestManualStatus" name="test_clear_manual_status" time="0.343" /><testcase classname="tests.test_kpi_iteration6.TestBergerieKPI" name="test_post_kpi_for_bergerie_member" time="0.476" /><testcase classname="tests.test_kpi_iteration6.TestBergerieKPI" name="test_get_kpi_for_bergerie_member" time="0.477" /><testcase classname="tests.test_kpi_iteration6.TestBergerieKPI" name="test_get_kpi_for_specific_month" time="0.435" /><testcase classname="tests.test_kpi_iteration6.TestBergerieKPI" name="test_manual_status_for_bergerie_member" time="0.470" /><testcase classname="tests.test_kpi_iteration6.TestAllStatusesEndpoint" name="test_all_statuses_endpoint" time="0.297" /></testsuite></testsuites>