<?xml version="1.0" encoding="utf-8"?><testsuites name="pytest tests"><testsuite name="pytest" errors="0" failures="1" skipped="0" tests="12" time="2.253" timestamp="2026-01-11T22:28:33.938769+00:00" hostname="agent-env-3b11d7d9-2bfa-49c9-bf09-fab8c20829fc"><testcase classname="tests.test_bergeries_pain_du_jour.TestBergeriesDisciples" name="test_get_bergeries_list" time="0.078" /><testcase classname="tests.test_bergeries_pain_du_jour.TestBergeriesDisciples" name="test_bergeries_list_has_required_fields" time="0.054" /><testcase classname="tests.test_bergeries_pain_du_jour.TestBergeriesDisciples" name="test_bergeries_list_contains_expected_cities" time="0.055" /><testcase classname="tests.test_bergeries_pain_du_jour.TestBergeriesDisciples" name="test_create_bergerie" time="0.035" /><testcase classname="tests.test_bergeries_pain_du_jour.TestBergeriesDisciples" name="test_get_bergerie_by_id" time="0.036" /><testcase classname="tests.test_bergeries_pain_du_jour.TestBergeriesDisciples" name="test_bergeries_count_after_creation" time="0.089" /><testcase classname="tests.test_bergeries_pain_du_jour.TestPainDuJourAdmin" name="test_login_superadmin" time="0.557" /><testcase classname="tests.test_bergeries_pain_du_jour.TestPainDuJourAdmin" name="test_get_programmation_empty_week" time="0.294" /><testcase classname="tests.test_bergeries_pain_du_jour.TestPainDuJourAdmin" name="test_save_programmation" time="0.313" /><testcase classname="tests.test_bergeries_pain_du_jour.TestPainDuJourAdmin" name="test_get_saved_programmation" time="0.325" /><testcase classname="tests.test_bergeries_pain_du_jour.TestPainDuJourAdmin" name="test_get_all_programmations" time="0.288"><failure message="AssertionError: Response should be a list&#10;assert False&#10; +  where False = isinstance({'date': 'programmations', 'versets': []}, list)">tests/test_bergeries_pain_du_jour.py:288: in test_get_all_programmations
    assert isinstance(data, list), "Response should be a list"
E   AssertionError: Response should be a list
E   assert False
E    +  where False = isinstance({'date': 'programmations', 'versets': []}, list)</failure></testcase><testcase classname="tests.test_bergeries_pain_du_jour.TestCitiesPublic" name="test_get_cities_public" time="0.037" /></testsuite></testsuites>