<?xml version="1.0" encoding="utf-8"?><testsuites name="pytest tests"><testsuite name="pytest" errors="0" failures="1" skipped="0" tests="8" time="1.454" timestamp="2026-01-13T18:33:15.399277+00:00" hostname="agent-env-3b11d7d9-2bfa-49c9-bf09-fab8c20829fc"><testcase classname="tests.test_bergeries_corrections.TestCitiesAPI" name="test_cities_public_no_duplicates" time="0.081" /><testcase classname="tests.test_bergeries_corrections.TestCitiesAPI" name="test_cities_public_contains_expected_cities" time="0.038" /><testcase classname="tests.test_bergeries_corrections.TestAuthentication" name="test_login_superadmin_success" time="0.259" /><testcase classname="tests.test_bergeries_corrections.TestAuthentication" name="test_login_invalid_credentials" time="0.040" /><testcase classname="tests.test_bergeries_corrections.TestDashboardAPIs" name="test_promotions_detailed_api" time="0.298" /><testcase classname="tests.test_bergeries_corrections.TestDashboardAPIs" name="test_visitors_api" time="0.303" /><testcase classname="tests.test_bergeries_corrections.TestDashboardAPIs" name="test_users_api" time="0.312"><failure message="AssertionError: Expected 200, got 405&#10;assert 405 == 200&#10; +  where 405 = &lt;Response [405]&gt;.status_code">tests/test_bergeries_corrections.py:113: in test_users_api
    assert response.status_code == 200, f"Expected 200, got {response.status_code}"
E   AssertionError: Expected 200, got 405
E   assert 405 == 200
E    +  where 405 = &lt;Response [405]&gt;.status_code</failure></testcase><testcase classname="tests.test_bergeries_corrections.TestBergeriesPages" name="test_bergeries_disciples_list_api" time="0.052" /></testsuite></testsuites>