<?xml version="1.0" encoding="utf-8"?><testsuites name="pytest tests"><testsuite name="pytest" errors="0" failures="0" skipped="0" tests="15" time="4.495" timestamp="2026-01-15T21:29:42.949320+00:00" hostname="agent-env-619b7e9d-53de-4f57-9188-4c852587fd42"><testcase classname="tests.test_analytics_iteration7.TestAnalyticsEndpoints" name="test_promotions_detailed_no_filter" time="0.343" /><testcase classname="tests.test_analytics_iteration7.TestAnalyticsEndpoints" name="test_promotions_detailed_filter_year_2024" time="0.305" /><testcase classname="tests.test_analytics_iteration7.TestAnalyticsEndpoints" name="test_promotions_detailed_filter_year_2025" time="0.301" /><testcase classname="tests.test_analytics_iteration7.TestAnalyticsEndpoints" name="test_promotions_detailed_filter_month_and_year" time="0.339" /><testcase classname="tests.test_analytics_iteration7.TestAnalyticsEndpoints" name="test_promotions_detailed_filter_city" time="0.296" /><testcase classname="tests.test_analytics_iteration7.TestAnalyticsEndpoints" name="test_promotions_detailed_all_filters" time="0.294" /><testcase classname="tests.test_analytics_iteration7.TestAnalyticsEndpoints" name="test_age_distribution_no_filter" time="0.290" /><testcase classname="tests.test_analytics_iteration7.TestAnalyticsEndpoints" name="test_age_distribution_filter_year_2024" time="0.292" /><testcase classname="tests.test_analytics_iteration7.TestAnalyticsEndpoints" name="test_age_distribution_filter_year_2025" time="0.337" /><testcase classname="tests.test_analytics_iteration7.TestAnalyticsEndpoints" name="test_age_distribution_filter_month_and_year" time="0.336" /><testcase classname="tests.test_analytics_iteration7.TestAnalyticsEndpoints" name="test_arrival_channel_no_filter" time="0.333" /><testcase classname="tests.test_analytics_iteration7.TestAnalyticsEndpoints" name="test_arrival_channel_filter_year_2024" time="0.335" /><testcase classname="tests.test_analytics_iteration7.TestAnalyticsEndpoints" name="test_arrival_channel_filter_year_2025" time="0.293" /><testcase classname="tests.test_analytics_iteration7.TestAnalyticsEndpoints" name="test_arrival_channel_filter_month_and_year" time="0.291" /><testcase classname="tests.test_analytics_iteration7.TestEJPEndpoints" name="test_ejp_cultes_list" time="0.033" /></testsuite></testsuites>