<?xml version="1.0" encoding="utf-8"?><testsuites name="pytest tests"><testsuite name="pytest" errors="0" failures="0" skipped="0" tests="9" time="1.814" timestamp="2026-01-20T08:26:26.612300+00:00" hostname="agent-env-8ef4a3e6-8ac1-47cb-a5b2-cc7d67a295cf"><testcase classname="tests.test_conflict_detection_iteration9.TestConflictDetection" name="test_check_conflicts_with_conflict" time="0.355" /><testcase classname="tests.test_conflict_detection_iteration9.TestConflictDetection" name="test_check_conflicts_no_conflict" time="0.340" /><testcase classname="tests.test_conflict_detection_iteration9.TestConflictDetection" name="test_check_conflicts_different_city" time="0.301" /><testcase classname="tests.test_conflict_detection_iteration9.TestAgendaPriere" name="test_save_priere_config" time="0.039" /><testcase classname="tests.test_conflict_detection_iteration9.TestAgendaDepartement" name="test_get_agenda_mla" time="0.045" /><testcase classname="tests.test_conflict_detection_iteration9.TestAgendaDepartement" name="test_get_agenda_with_ville_filter" time="0.048" /><testcase classname="tests.test_conflict_detection_iteration9.TestAgendaPublic" name="test_create_agenda_entry_public" time="0.037" /><testcase classname="tests.test_conflict_detection_iteration9.TestPlanningActivites" name="test_get_planning_activites" time="0.294" /><testcase classname="tests.test_conflict_detection_iteration9.TestPlanningActivites" name="test_create_planning_activite" time="0.293" /></testsuite></testsuites>