<?xml version="1.0" encoding="utf-8"?><testsuites name="pytest tests"><testsuite name="pytest" errors="0" failures="0" skipped="0" tests="15" time="0.666" timestamp="2026-01-20T06:57:26.413463+00:00" hostname="agent-env-8ef4a3e6-8ac1-47cb-a5b2-cc7d67a295cf"><testcase classname="tests.test_stars_agenda_iteration8.TestStarsPublicStats" name="test_stars_public_stats_no_filter" time="0.064" /><testcase classname="tests.test_stars_agenda_iteration8.TestStarsPublicStats" name="test_stars_public_stats_with_ville_dijon" time="0.040" /><testcase classname="tests.test_stars_agenda_iteration8.TestStarsPublicList" name="test_stars_public_list_no_filter" time="0.040" /><testcase classname="tests.test_stars_agenda_iteration8.TestStarsPublicList" name="test_stars_public_list_actif_filter" time="0.041" /><testcase classname="tests.test_stars_agenda_iteration8.TestStarsPublicList" name="test_stars_public_list_non_actif_filter" time="0.040" /><testcase classname="tests.test_stars_agenda_iteration8.TestStarsPublicList" name="test_stars_public_list_ville_and_statut" time="0.038" /><testcase classname="tests.test_stars_agenda_iteration8.TestStarsPublicList" name="test_stars_public_list_ville_non_actif" time="0.041" /><testcase classname="tests.test_stars_agenda_iteration8.TestAgendaPublic" name="test_agenda_public_create" time="0.038" /><testcase classname="tests.test_stars_agenda_iteration8.TestAgendaDepartement" name="test_agenda_departement_get" time="0.041" /><testcase classname="tests.test_stars_agenda_iteration8.TestAgendaDepartement" name="test_agenda_departement_with_ville" time="0.039" /><testcase classname="tests.test_stars_agenda_iteration8.TestAgendaDepartement" name="test_agenda_departement_semestre2" time="0.041" /><testcase classname="tests.test_stars_agenda_iteration8.TestStarsPublicMultiDepartements" name="test_multi_departements_no_filter" time="0.037" /><testcase classname="tests.test_stars_agenda_iteration8.TestStarsPublicMultiDepartements" name="test_multi_departements_with_ville" time="0.037" /><testcase classname="tests.test_stars_agenda_iteration8.TestStarsPublicSingleDepartement" name="test_single_departement_no_filter" time="0.036" /><testcase classname="tests.test_stars_agenda_iteration8.TestStarsPublicSingleDepartement" name="test_single_departement_with_ville" time="0.037" /></testsuite></testsuites>