<?xml version="1.0" encoding="utf-8"?><testsuites name="pytest tests"><testsuite name="pytest" errors="0" failures="0" skipped="0" tests="8" time="1.433" timestamp="2026-01-13T18:34:01.327148+00:00" hostname="agent-env-3b11d7d9-2bfa-49c9-bf09-fab8c20829fc"><testcase classname="tests.test_bergeries_corrections.TestCitiesAPI" name="test_cities_public_no_duplicates" time="0.071" /><testcase classname="tests.test_bergeries_corrections.TestCitiesAPI" name="test_cities_public_contains_expected_cities" time="0.039" /><testcase classname="tests.test_bergeries_corrections.TestAuthentication" name="test_login_superadmin_success" time="0.268" /><testcase classname="tests.test_bergeries_corrections.TestAuthentication" name="test_login_invalid_credentials" time="0.038" /><testcase classname="tests.test_bergeries_corrections.TestDashboardAPIs" name="test_promotions_detailed_api" time="0.297" /><testcase classname="tests.test_bergeries_corrections.TestDashboardAPIs" name="test_visitors_api" time="0.302" /><testcase classname="tests.test_bergeries_corrections.TestDashboardAPIs" name="test_users_api" time="0.310" /><testcase classname="tests.test_bergeries_corrections.TestBergeriesPages" name="test_bergeries_disciples_list_api" time="0.050" /></testsuite></testsuites>