<?xml version="1.0" encoding="utf-8"?><testsuites name="pytest tests"><testsuite name="pytest" errors="0" failures="0" skipped="0" tests="10" time="0.478" timestamp="2026-01-11T22:09:35.396552+00:00" hostname="agent-env-3b11d7d9-2bfa-49c9-bf09-fab8c20829fc"><testcase classname="tests.test_bergeries_disciples.TestBergeriesDisciplesList" name="test_get_list_returns_41_groups" time="0.058" /><testcase classname="tests.test_bergeries_disciples.TestBergeriesDisciplesList" name="test_list_contains_required_fields" time="0.036" /><testcase classname="tests.test_bergeries_disciples.TestBergeriesDisciplesList" name="test_list_contains_expected_cities" time="0.032" /><testcase classname="tests.test_bergeries_disciples.TestBergeriesDisciplesDetail" name="test_get_bergerie_by_id" time="0.036" /><testcase classname="tests.test_bergeries_disciples.TestBergeriesDisciplesDetail" name="test_get_bergerie_not_found" time="0.035" /><testcase classname="tests.test_bergeries_disciples.TestBergeriesDisciplesMembres" name="test_get_membres_for_bergerie" time="0.038" /><testcase classname="tests.test_bergeries_disciples.TestBergeriesDisciplesMembres" name="test_add_membre" time="0.072" /><testcase classname="tests.test_bergeries_disciples.TestBergeriesDisciplesObjectifs" name="test_add_objectif" time="0.038" /><testcase classname="tests.test_bergeries_disciples.TestBergeriesDisciplesContacts" name="test_add_contact" time="0.038" /><testcase classname="tests.test_bergeries_disciples.TestCitiesPublic" name="test_get_cities_public" time="0.033" /></testsuite></testsuites>