<?xml version="1.0" encoding="utf-8"?><testsuites name="pytest tests"><testsuite name="pytest" errors="0" failures="1" skipped="0" tests="11" time="4.755" timestamp="2026-01-15T15:54:23.604676+00:00" hostname="agent-env-429e9cd0-c9b1-43c0-a96f-ddf890332acc"><testcase classname="tests.test_kpi_iteration6.TestKPICoefficients" name="test_kpi_weights_returned_in_response" time="0.400" /><testcase classname="tests.test_kpi_iteration6.TestKPICoefficients" name="test_kpi_score_calculation_with_new_coefficients" time="0.396" /><testcase classname="tests.test_kpi_iteration6.TestKPICoefficients" name="test_kpi_level_boundaries" time="0.517" /><testcase classname="tests.test_kpi_iteration6.TestManualStatus" name="test_set_manual_status" time="0.346" /><testcase classname="tests.test_kpi_iteration6.TestManualStatus" name="test_manual_status_in_all_statuses" time="0.395" /><testcase classname="tests.test_kpi_iteration6.TestManualStatus" name="test_clear_manual_status" time="0.388" /><testcase classname="tests.test_kpi_iteration6.TestBergerieKPI" name="test_post_kpi_for_bergerie_member" time="0.460" /><testcase classname="tests.test_kpi_iteration6.TestBergerieKPI" name="test_get_kpi_for_bergerie_member" time="0.490" /><testcase classname="tests.test_kpi_iteration6.TestBergerieKPI" name="test_get_kpi_for_specific_month" time="0.447" /><testcase classname="tests.test_kpi_iteration6.TestBergerieKPI" name="test_manual_status_for_bergerie_member" time="0.521"><failure message="AssertionError: Manual status should be returned&#10;assert None == 'Confirmé'&#10; +  where None = &lt;built-in method get of dict object at 0xfb720d1a3940&gt;('manual_status')&#10; +    where &lt;built-in method get of dict object at 0xfb720d1a3940&gt; = {'average_level': 'Débutant', 'average_score': 37.5, 'kpis': [{'bapteme': 1, 'commentaire': 'Test KPI for bergerie member - iteration 6', 'consommation_pain_jour': 2, 'level': 'Intermédiaire', ...}, {'bapteme': 0, 'commentaire': 'Test GET KPI', 'consommation_pain_jour': 1, 'level': 'Débutant', ...}], 'manual_status': None, ...}.get">tests/test_kpi_iteration6.py:454: in test_manual_status_for_bergerie_member
    assert data.get("manual_status") == "Confirmé", "Manual status should be returned"
E   AssertionError: Manual status should be returned
E   assert None == 'Confirmé'
E    +  where None = &lt;built-in method get of dict object at 0xfb720d1a3940&gt;('manual_status')
E    +    where &lt;built-in method get of dict object at 0xfb720d1a3940&gt; = {'average_level': 'Débutant', 'average_score': 37.5, 'kpis': [{'bapteme': 1, 'commentaire': 'Test KPI for bergerie member - iteration 6', 'consommation_pain_jour': 2, 'level': 'Intermédiaire', ...}, {'bapteme': 0, 'commentaire': 'Test GET KPI', 'consommation_pain_jour': 1, 'level': 'Débutant', ...}], 'manual_status': None, ...}.get</failure></testcase><testcase classname="tests.test_kpi_iteration6.TestAllStatusesEndpoint" name="test_all_statuses_endpoint" time="0.299" /></testsuite></testsuites>