<?xml version="1.0" encoding="utf-8"?><testsuites name="pytest tests"><testsuite name="pytest" errors="0" failures="0" skipped="0" tests="13" time="1.440" timestamp="2026-01-13T20:07:37.760090+00:00" hostname="agent-env-20371ff0-0c2e-4906-b7bd-f6f114d87bfb"><testcase classname="tests.test_bug_fixes.TestCitiesAPI" name="test_cities_public_endpoint" time="0.099" /><testcase classname="tests.test_bug_fixes.TestCitiesAPI" name="test_cities_have_required_fields" time="0.040" /><testcase classname="tests.test_bug_fixes.TestAuthAPI" name="test_login_superadmin_success" time="0.261" /><testcase classname="tests.test_bug_fixes.TestAuthAPI" name="test_login_invalid_credentials" time="0.041" /><testcase classname="tests.test_bug_fixes.TestAuthAPI" name="test_login_missing_password" time="0.038" /><testcase classname="tests.test_bug_fixes.TestStarsPublicAPI" name="test_stars_public_register_success" time="0.044" /><testcase classname="tests.test_bug_fixes.TestStarsPublicAPI" name="test_stars_public_register_missing_ville" time="0.039" /><testcase classname="tests.test_bug_fixes.TestStarsPublicAPI" name="test_stars_public_register_missing_departements" time="0.040" /><testcase classname="tests.test_bug_fixes.TestVisitorsAPI" name="test_visitors_list_authenticated" time="0.309" /><testcase classname="tests.test_bug_fixes.TestVisitorsAPI" name="test_visitors_list_unauthenticated" time="0.037" /><testcase classname="tests.test_bug_fixes.TestUsersAPI" name="test_referents_list_authenticated" time="0.301" /><testcase classname="tests.test_bug_fixes.TestHealthCheck" name="test_api_is_reachable" time="0.033" /><testcase classname="tests.test_bug_fixes.TestHealthCheck" name="test_frontend_is_reachable" time="0.042" /></testsuite></testsuites>