<?xml version="1.0" encoding="utf-8"?><testsuites name="pytest tests"><testsuite name="pytest" errors="0" failures="0" skipped="0" tests="12" time="2.208" timestamp="2026-01-11T22:29:51.231001+00:00" hostname="agent-env-3b11d7d9-2bfa-49c9-bf09-fab8c20829fc"><testcase classname="tests.test_bergeries_pain_du_jour.TestBergeriesDisciples" name="test_get_bergeries_list" time="0.070" /><testcase classname="tests.test_bergeries_pain_du_jour.TestBergeriesDisciples" name="test_bergeries_list_has_required_fields" time="0.052" /><testcase classname="tests.test_bergeries_pain_du_jour.TestBergeriesDisciples" name="test_bergeries_list_contains_expected_cities" time="0.045" /><testcase classname="tests.test_bergeries_pain_du_jour.TestBergeriesDisciples" name="test_create_bergerie" time="0.040" /><testcase classname="tests.test_bergeries_pain_du_jour.TestBergeriesDisciples" name="test_get_bergerie_by_id" time="0.046" /><testcase classname="tests.test_bergeries_pain_du_jour.TestBergeriesDisciples" name="test_bergeries_count_after_creation" time="0.088" /><testcase classname="tests.test_bergeries_pain_du_jour.TestPainDuJourAdmin" name="test_login_superadmin" time="0.564" /><testcase classname="tests.test_bergeries_pain_du_jour.TestPainDuJourAdmin" name="test_get_programmation_empty_week" time="0.297" /><testcase classname="tests.test_bergeries_pain_du_jour.TestPainDuJourAdmin" name="test_save_programmation" time="0.290" /><testcase classname="tests.test_bergeries_pain_du_jour.TestPainDuJourAdmin" name="test_get_saved_programmation" time="0.329" /><testcase classname="tests.test_bergeries_pain_du_jour.TestPainDuJourAdmin" name="test_get_all_programmations" time="0.295" /><testcase classname="tests.test_bergeries_pain_du_jour.TestCitiesPublic" name="test_get_cities_public" time="0.039" /></testsuite></testsuites>